17:13:21.700 [ApplicationImpl pooled thread 96] INFO  c.b.l.BrowserStackRunExtension - testng
17:13:21.707 [ApplicationImpl pooled thread 96] INFO  com.browserstack.utils.Helpers - null
17:13:21.707 [ApplicationImpl pooled thread 96] INFO  c.b.l.BrowserStackRunExtension - Agent path: null
17:14:40.106 [ApplicationImpl pooled thread 109] INFO  c.b.l.BrowserStackRunExtension - testng
17:14:40.106 [ApplicationImpl pooled thread 109] INFO  com.browserstack.utils.Helpers - null
17:14:40.111 [ApplicationImpl pooled thread 109] INFO  c.b.l.BrowserStackRunExtension - Agent path: null
17:14:54.856 [ApplicationImpl pooled thread 118] INFO  c.b.l.BrowserStackRunExtension - testng
17:14:54.856 [ApplicationImpl pooled thread 118] INFO  com.browserstack.utils.Helpers - null
17:14:54.857 [ApplicationImpl pooled thread 118] INFO  c.b.l.BrowserStackRunExtension - Agent path: null
17:23:25.987 [ApplicationImpl pooled thread 132] INFO  c.b.l.BrowserStackRunExtension - testng
17:23:25.987 [ApplicationImpl pooled thread 132] INFO  com.browserstack.utils.Helpers - null
17:23:25.988 [ApplicationImpl pooled thread 132] INFO  c.b.l.BrowserStackRunExtension - Agent path: null
17:24:57.168 [ApplicationImpl pooled thread 116] INFO  c.b.l.BrowserStackRunExtension - testng
17:24:57.168 [ApplicationImpl pooled thread 116] INFO  com.browserstack.utils.Helpers - null
17:24:57.168 [ApplicationImpl pooled thread 116] INFO  c.b.l.BrowserStackRunExtension - Agent path: null
17:30:57.467 [ApplicationImpl pooled thread 141] INFO  c.b.l.BrowserStackRunExtension - testng
17:30:57.467 [ApplicationImpl pooled thread 141] INFO  com.browserstack.utils.Helpers - null
17:30:57.480 [ApplicationImpl pooled thread 141] INFO  c.b.l.BrowserStackRunExtension - Agent path: null
18:24:28.839 [ApplicationImpl pooled thread 174] INFO  c.b.l.BrowserStackRunExtension - testng
18:24:28.839 [ApplicationImpl pooled thread 174] INFO  com.browserstack.utils.Helpers - null
18:24:28.839 [ApplicationImpl pooled thread 174] INFO  c.b.l.BrowserStackRunExtension - Agent path: null
18:26:08.122 [ApplicationImpl pooled thread 159] INFO  c.b.l.BrowserStackRunExtension - testng
18:26:08.122 [ApplicationImpl pooled thread 159] INFO  com.browserstack.utils.Helpers - null
18:26:08.122 [ApplicationImpl pooled thread 159] INFO  c.b.l.BrowserStackRunExtension - Agent path: null
18:27:23.977 [ApplicationImpl pooled thread 159] INFO  c.b.l.BrowserStackRunExtension - testng
18:27:23.977 [ApplicationImpl pooled thread 159] INFO  com.browserstack.utils.Helpers - null
18:27:23.977 [ApplicationImpl pooled thread 159] INFO  c.b.l.BrowserStackRunExtension - Agent path: null
18:28:52.286 [ApplicationImpl pooled thread 159] INFO  c.b.l.BrowserStackRunExtension - testng
18:28:52.286 [ApplicationImpl pooled thread 159] INFO  com.browserstack.utils.Helpers - null
18:28:52.286 [ApplicationImpl pooled thread 159] INFO  c.b.l.BrowserStackRunExtension - Agent path: null
18:29:53.708 [ApplicationImpl pooled thread 174] INFO  c.b.l.BrowserStackRunExtension - testng
18:29:53.708 [ApplicationImpl pooled thread 174] INFO  com.browserstack.utils.Helpers - null
18:29:53.708 [ApplicationImpl pooled thread 174] INFO  c.b.l.BrowserStackRunExtension - Agent path: null
18:52:01.832 [ApplicationImpl pooled thread 156] INFO  c.b.l.BrowserStackRunExtension - testng
18:52:01.832 [ApplicationImpl pooled thread 156] INFO  com.browserstack.utils.Helpers - null
18:52:01.833 [ApplicationImpl pooled thread 156] INFO  c.b.l.BrowserStackRunExtension - Agent path: null
20:26:28.442 [ApplicationImpl pooled thread 234] INFO  c.b.l.BrowserStackRunExtension - testng
20:26:28.442 [ApplicationImpl pooled thread 234] INFO  com.browserstack.utils.Helpers - null
20:26:28.443 [ApplicationImpl pooled thread 234] INFO  c.b.l.BrowserStackRunExtension - Agent path: null
20:27:06.376 [ApplicationImpl pooled thread 223] INFO  c.b.l.BrowserStackRunExtension - testng
20:27:06.376 [ApplicationImpl pooled thread 223] INFO  com.browserstack.utils.Helpers - null
20:27:06.377 [ApplicationImpl pooled thread 223] INFO  c.b.l.BrowserStackRunExtension - Agent path: null
20:36:50.000 [ApplicationImpl pooled thread 242] INFO  c.b.l.BrowserStackRunExtension - testng
20:36:50.000 [ApplicationImpl pooled thread 242] INFO  com.browserstack.utils.Helpers - null
20:36:50.011 [ApplicationImpl pooled thread 242] INFO  c.b.l.BrowserStackRunExtension - Agent path: null
20:42:53.652 [ApplicationImpl pooled thread 245] INFO  c.b.l.BrowserStackRunExtension - testng
20:42:53.652 [ApplicationImpl pooled thread 245] INFO  com.browserstack.utils.Helpers - null
20:42:53.667 [ApplicationImpl pooled thread 245] INFO  c.b.l.BrowserStackRunExtension - Agent path: null
21:15:48.303 [ApplicationImpl pooled thread 281] INFO  c.b.l.BrowserStackRunExtension - testng
21:15:48.303 [ApplicationImpl pooled thread 281] INFO  com.browserstack.utils.Helpers - null
21:15:48.303 [ApplicationImpl pooled thread 281] INFO  c.b.l.BrowserStackRunExtension - Agent path: null
21:23:25.300 [ApplicationImpl pooled thread 279] INFO  c.b.l.BrowserStackRunExtension - testng
21:23:25.300 [ApplicationImpl pooled thread 279] INFO  com.browserstack.utils.Helpers - null
21:23:25.300 [ApplicationImpl pooled thread 279] INFO  c.b.l.BrowserStackRunExtension - Agent path: null
21:50:35.080 [ApplicationImpl pooled thread 308] INFO  c.b.l.BrowserStackRunExtension - testng
21:50:35.080 [ApplicationImpl pooled thread 308] INFO  com.browserstack.utils.Helpers - null
21:50:35.080 [ApplicationImpl pooled thread 308] INFO  c.b.l.BrowserStackRunExtension - Agent path: null
21:51:11.074 [ApplicationImpl pooled thread 308] INFO  c.b.l.BrowserStackRunExtension - testng
21:51:11.074 [ApplicationImpl pooled thread 308] INFO  com.browserstack.utils.Helpers - null
21:51:11.077 [ApplicationImpl pooled thread 308] INFO  c.b.l.BrowserStackRunExtension - Agent path: null
21:54:48.865 [ApplicationImpl pooled thread 301] INFO  c.b.l.BrowserStackRunExtension - testng
21:54:48.866 [ApplicationImpl pooled thread 301] INFO  com.browserstack.utils.Helpers - null
21:54:48.877 [ApplicationImpl pooled thread 301] INFO  c.b.l.BrowserStackRunExtension - Agent path: null
21:55:32.191 [ApplicationImpl pooled thread 312] INFO  c.b.l.BrowserStackRunExtension - testng
21:55:32.191 [ApplicationImpl pooled thread 312] INFO  com.browserstack.utils.Helpers - null
21:55:32.192 [ApplicationImpl pooled thread 312] INFO  c.b.l.BrowserStackRunExtension - Agent path: null
22:03:44.494 [ApplicationImpl pooled thread 322] INFO  c.b.l.BrowserStackRunExtension - testng
22:03:44.494 [ApplicationImpl pooled thread 322] INFO  com.browserstack.utils.Helpers - null
22:03:44.496 [ApplicationImpl pooled thread 322] INFO  c.b.l.BrowserStackRunExtension - Agent path: null
22:04:48.849 [ApplicationImpl pooled thread 320] INFO  c.b.l.BrowserStackRunExtension - testng
22:04:48.849 [ApplicationImpl pooled thread 320] INFO  com.browserstack.utils.Helpers - null
22:04:48.851 [ApplicationImpl pooled thread 320] INFO  c.b.l.BrowserStackRunExtension - Agent path: null
22:06:34.077 [ApplicationImpl pooled thread 324] INFO  c.b.l.BrowserStackRunExtension - testng
22:06:34.077 [ApplicationImpl pooled thread 324] INFO  com.browserstack.utils.Helpers - null
22:06:34.078 [ApplicationImpl pooled thread 324] INFO  c.b.l.BrowserStackRunExtension - Agent path: null
22:27:19.622 [ApplicationImpl pooled thread 333] INFO  c.b.l.BrowserStackRunExtension - testng
22:27:19.622 [ApplicationImpl pooled thread 333] INFO  com.browserstack.utils.Helpers - null
22:27:19.624 [ApplicationImpl pooled thread 333] INFO  c.b.l.BrowserStackRunExtension - Agent path: null
22:28:50.288 [ApplicationImpl pooled thread 339] INFO  c.b.l.BrowserStackRunExtension - testng
22:28:50.288 [ApplicationImpl pooled thread 339] INFO  com.browserstack.utils.Helpers - null
22:28:50.291 [ApplicationImpl pooled thread 339] INFO  c.b.l.BrowserStackRunExtension - Agent path: null
14:56:43.092 [ApplicationImpl pooled thread 114] INFO  c.b.l.BrowserStackRunExtension - testng
14:56:43.118 [ApplicationImpl pooled thread 114] INFO  com.browserstack.utils.Helpers - null
14:56:43.118 [ApplicationImpl pooled thread 114] INFO  c.b.l.BrowserStackRunExtension - Agent path: null
14:58:38.666 [ApplicationImpl pooled thread 121] INFO  c.b.l.BrowserStackRunExtension - testng
14:58:38.666 [ApplicationImpl pooled thread 121] INFO  com.browserstack.utils.Helpers - null
14:58:38.666 [ApplicationImpl pooled thread 121] INFO  c.b.l.BrowserStackRunExtension - Agent path: null
15:01:02.815 [ApplicationImpl pooled thread 125] INFO  c.b.l.BrowserStackRunExtension - testng
15:01:02.815 [ApplicationImpl pooled thread 125] INFO  com.browserstack.utils.Helpers - null
15:01:02.815 [ApplicationImpl pooled thread 125] INFO  c.b.l.BrowserStackRunExtension - Agent path: null
15:01:40.190 [ApplicationImpl pooled thread 123] INFO  c.b.l.BrowserStackRunExtension - testng
15:01:40.190 [ApplicationImpl pooled thread 123] INFO  com.browserstack.utils.Helpers - null
15:01:40.205 [ApplicationImpl pooled thread 123] INFO  c.b.l.BrowserStackRunExtension - Agent path: null
15:07:07.939 [ApplicationImpl pooled thread 140] INFO  c.b.l.BrowserStackRunExtension - maven
15:07:07.939 [ApplicationImpl pooled thread 140] INFO  com.browserstack.utils.Helpers - null
15:11:44.925 [ApplicationImpl pooled thread 140] INFO  c.b.l.BrowserStackRunExtension - maven
15:11:44.925 [ApplicationImpl pooled thread 140] INFO  com.browserstack.utils.Helpers - null
15:12:32.116 [ApplicationImpl pooled thread 135] INFO  c.b.l.BrowserStackRunExtension - maven
15:12:32.116 [ApplicationImpl pooled thread 135] INFO  com.browserstack.utils.Helpers - null
22:34:29.597 [ApplicationImpl pooled thread 10] INFO  c.b.l.BrowserStackRunExtension - testng
22:34:29.607 [ApplicationImpl pooled thread 10] INFO  com.browserstack.utils.Helpers - null
22:34:29.608 [ApplicationImpl pooled thread 10] INFO  c.b.l.BrowserStackRunExtension - Agent path: null
22:35:06.679 [ApplicationImpl pooled thread 10] INFO  c.b.l.BrowserStackRunExtension - testng
22:35:06.679 [ApplicationImpl pooled thread 10] INFO  com.browserstack.utils.Helpers - null
22:35:06.680 [ApplicationImpl pooled thread 10] INFO  c.b.l.BrowserStackRunExtension - Agent path: null
22:37:14.612 [ApplicationImpl pooled thread 14] INFO  c.b.l.BrowserStackRunExtension - testng
22:37:14.612 [ApplicationImpl pooled thread 14] INFO  com.browserstack.utils.Helpers - null
22:37:14.614 [ApplicationImpl pooled thread 14] INFO  c.b.l.BrowserStackRunExtension - Agent path: null
00:37:19.499 [ApplicationImpl pooled thread 84] INFO  c.b.l.BrowserStackRunExtension - testng
00:37:19.500 [ApplicationImpl pooled thread 84] INFO  com.browserstack.utils.Helpers - null
00:37:19.500 [ApplicationImpl pooled thread 84] INFO  c.b.l.BrowserStackRunExtension - Agent path: null
00:38:45.382 [ApplicationImpl pooled thread 89] INFO  c.b.l.BrowserStackRunExtension - testng
00:38:45.382 [ApplicationImpl pooled thread 89] INFO  com.browserstack.utils.Helpers - null
00:38:45.383 [ApplicationImpl pooled thread 89] INFO  c.b.l.BrowserStackRunExtension - Agent path: null
00:43:18.406 [ApplicationImpl pooled thread 91] INFO  c.b.l.BrowserStackRunExtension - testng
00:43:18.406 [ApplicationImpl pooled thread 91] INFO  com.browserstack.utils.Helpers - null
00:43:18.407 [ApplicationImpl pooled thread 91] INFO  c.b.l.BrowserStackRunExtension - Agent path: null
00:46:23.713 [ApplicationImpl pooled thread 95] INFO  c.b.l.BrowserStackRunExtension - testng
00:46:23.714 [ApplicationImpl pooled thread 95] INFO  com.browserstack.utils.Helpers - null
00:46:23.716 [ApplicationImpl pooled thread 95] INFO  c.b.l.BrowserStackRunExtension - Agent path: null
14:39:02.126 [ApplicationImpl pooled thread 88] INFO  c.b.l.BrowserStackRunExtension - testng
14:39:02.126 [ApplicationImpl pooled thread 88] INFO  com.browserstack.utils.Helpers - null
14:39:02.126 [ApplicationImpl pooled thread 88] INFO  c.b.l.BrowserStackRunExtension - Agent path: null
15:25:34.321 [ApplicationImpl pooled thread 127] INFO  c.b.l.BrowserStackRunExtension - testng
15:25:34.321 [ApplicationImpl pooled thread 127] INFO  com.browserstack.utils.Helpers - null
15:25:34.321 [ApplicationImpl pooled thread 127] INFO  c.b.l.BrowserStackRunExtension - Agent path: null
15:27:01.935 [ApplicationImpl pooled thread 129] INFO  c.b.l.BrowserStackRunExtension - testng
15:27:01.935 [ApplicationImpl pooled thread 129] INFO  com.browserstack.utils.Helpers - null
15:27:01.936 [ApplicationImpl pooled thread 129] INFO  c.b.l.BrowserStackRunExtension - Agent path: null
18:06:32.738 [ApplicationImpl pooled thread 265] INFO  c.b.l.BrowserStackRunExtension - testng
18:06:32.738 [ApplicationImpl pooled thread 265] INFO  com.browserstack.utils.Helpers - null
18:06:32.738 [ApplicationImpl pooled thread 265] INFO  c.b.l.BrowserStackRunExtension - Agent path: null
18:07:52.627 [ApplicationImpl pooled thread 264] INFO  c.b.l.BrowserStackRunExtension - testng
18:07:52.627 [ApplicationImpl pooled thread 264] INFO  com.browserstack.utils.Helpers - null
18:07:52.630 [ApplicationImpl pooled thread 264] INFO  c.b.l.BrowserStackRunExtension - Agent path: null
18:08:30.079 [ApplicationImpl pooled thread 251] INFO  c.b.l.BrowserStackRunExtension - testng
18:08:30.080 [ApplicationImpl pooled thread 251] INFO  com.browserstack.utils.Helpers - null
18:08:30.082 [ApplicationImpl pooled thread 251] INFO  c.b.l.BrowserStackRunExtension - Agent path: null
00:14:33.752 [ApplicationImpl pooled thread 97] INFO  c.b.l.BrowserStackRunExtension - testng
00:14:33.757 [ApplicationImpl pooled thread 97] INFO  com.browserstack.utils.Helpers - null
00:14:33.757 [ApplicationImpl pooled thread 97] INFO  c.b.l.BrowserStackRunExtension - Agent path: null
00:20:33.819 [ApplicationImpl pooled thread 115] INFO  c.b.l.BrowserStackRunExtension - testng
00:20:33.819 [ApplicationImpl pooled thread 115] INFO  com.browserstack.utils.Helpers - null
00:20:33.819 [ApplicationImpl pooled thread 115] INFO  c.b.l.BrowserStackRunExtension - Agent path: null
00:21:52.488 [ApplicationImpl pooled thread 115] INFO  c.b.l.BrowserStackRunExtension - testng
00:21:52.488 [ApplicationImpl pooled thread 115] INFO  com.browserstack.utils.Helpers - null
00:21:52.488 [ApplicationImpl pooled thread 115] INFO  c.b.l.BrowserStackRunExtension - Agent path: null
00:24:03.642 [ApplicationImpl pooled thread 115] INFO  c.b.l.BrowserStackRunExtension - testng
00:24:03.642 [ApplicationImpl pooled thread 115] INFO  com.browserstack.utils.Helpers - null
00:24:03.642 [ApplicationImpl pooled thread 115] INFO  c.b.l.BrowserStackRunExtension - Agent path: null
00:25:07.558 [ApplicationImpl pooled thread 98] INFO  c.b.l.BrowserStackRunExtension - testng
00:25:07.558 [ApplicationImpl pooled thread 98] INFO  com.browserstack.utils.Helpers - null
00:25:07.567 [ApplicationImpl pooled thread 98] INFO  c.b.l.BrowserStackRunExtension - Agent path: null
00:34:07.687 [ApplicationImpl pooled thread 128] INFO  c.b.l.BrowserStackRunExtension - testng
00:34:07.687 [ApplicationImpl pooled thread 128] INFO  com.browserstack.utils.Helpers - null
00:34:07.703 [ApplicationImpl pooled thread 128] INFO  c.b.l.BrowserStackRunExtension - Agent path: null
00:34:38.567 [ApplicationImpl pooled thread 127] INFO  c.b.l.BrowserStackRunExtension - testng
00:34:38.567 [ApplicationImpl pooled thread 127] INFO  com.browserstack.utils.Helpers - null
00:34:38.573 [ApplicationImpl pooled thread 127] INFO  c.b.l.BrowserStackRunExtension - Agent path: null
00:35:46.124 [ApplicationImpl pooled thread 133] INFO  c.b.l.BrowserStackRunExtension - testng
00:35:46.124 [ApplicationImpl pooled thread 133] INFO  com.browserstack.utils.Helpers - null
00:35:46.130 [ApplicationImpl pooled thread 133] INFO  c.b.l.BrowserStackRunExtension - Agent path: null
00:36:06.039 [ApplicationImpl pooled thread 130] INFO  c.b.l.BrowserStackRunExtension - testng
00:36:06.039 [ApplicationImpl pooled thread 130] INFO  com.browserstack.utils.Helpers - null
00:36:06.046 [ApplicationImpl pooled thread 130] INFO  c.b.l.BrowserStackRunExtension - Agent path: null
00:38:44.628 [ApplicationImpl pooled thread 130] INFO  c.b.l.BrowserStackRunExtension - testng
00:38:44.628 [ApplicationImpl pooled thread 130] INFO  com.browserstack.utils.Helpers - null
00:38:44.638 [ApplicationImpl pooled thread 130] INFO  c.b.l.BrowserStackRunExtension - Agent path: null
00:39:32.664 [ApplicationImpl pooled thread 130] INFO  c.b.l.BrowserStackRunExtension - testng
00:39:32.664 [ApplicationImpl pooled thread 130] INFO  com.browserstack.utils.Helpers - null
00:39:32.672 [ApplicationImpl pooled thread 130] INFO  c.b.l.BrowserStackRunExtension - Agent path: null
00:42:01.578 [ApplicationImpl pooled thread 135] INFO  c.b.l.BrowserStackRunExtension - testng
00:42:01.578 [ApplicationImpl pooled thread 135] INFO  com.browserstack.utils.Helpers - null
00:42:01.591 [ApplicationImpl pooled thread 135] INFO  c.b.l.BrowserStackRunExtension - Agent path: null
00:42:53.499 [ApplicationImpl pooled thread 127] INFO  c.b.l.BrowserStackRunExtension - testng
00:42:53.499 [ApplicationImpl pooled thread 127] INFO  com.browserstack.utils.Helpers - null
00:42:53.510 [ApplicationImpl pooled thread 127] INFO  c.b.l.BrowserStackRunExtension - Agent path: null
12:25:11.562 [ApplicationImpl pooled thread 26] INFO  c.b.l.BrowserStackRunExtension - testng
12:25:11.562 [ApplicationImpl pooled thread 26] INFO  com.browserstack.utils.Helpers - null
12:25:11.577 [ApplicationImpl pooled thread 26] INFO  c.b.l.BrowserStackRunExtension - Agent path: null
12:27:35.887 [ApplicationImpl pooled thread 33] INFO  c.b.l.BrowserStackRunExtension - testng
12:27:35.887 [ApplicationImpl pooled thread 33] INFO  com.browserstack.utils.Helpers - null
12:27:35.887 [ApplicationImpl pooled thread 33] INFO  c.b.l.BrowserStackRunExtension - Agent path: null
12:28:30.766 [ApplicationImpl pooled thread 35] INFO  c.b.l.BrowserStackRunExtension - testng
12:28:30.766 [ApplicationImpl pooled thread 35] INFO  com.browserstack.utils.Helpers - null
12:28:30.781 [ApplicationImpl pooled thread 35] INFO  c.b.l.BrowserStackRunExtension - Agent path: null
12:29:23.645 [ApplicationImpl pooled thread 29] INFO  c.b.l.BrowserStackRunExtension - testng
12:29:23.645 [ApplicationImpl pooled thread 29] INFO  com.browserstack.utils.Helpers - null
12:29:23.645 [ApplicationImpl pooled thread 29] INFO  c.b.l.BrowserStackRunExtension - Agent path: null
13:40:01.469 [ApplicationImpl pooled thread 67] INFO  c.b.l.BrowserStackRunExtension - testng
13:40:01.469 [ApplicationImpl pooled thread 67] INFO  com.browserstack.utils.Helpers - null
13:40:01.472 [ApplicationImpl pooled thread 67] INFO  c.b.l.BrowserStackRunExtension - Agent path: null
13:40:37.687 [ApplicationImpl pooled thread 67] INFO  c.b.l.BrowserStackRunExtension - testng
13:40:37.687 [ApplicationImpl pooled thread 67] INFO  com.browserstack.utils.Helpers - null
13:40:37.689 [ApplicationImpl pooled thread 67] INFO  c.b.l.BrowserStackRunExtension - Agent path: null
13:41:47.546 [ApplicationImpl pooled thread 71] INFO  c.b.l.BrowserStackRunExtension - testng
13:41:47.546 [ApplicationImpl pooled thread 71] INFO  com.browserstack.utils.Helpers - null
13:41:47.548 [ApplicationImpl pooled thread 71] INFO  c.b.l.BrowserStackRunExtension - Agent path: null
13:42:36.959 [ApplicationImpl pooled thread 73] INFO  c.b.l.BrowserStackRunExtension - testng
13:42:36.959 [ApplicationImpl pooled thread 73] INFO  com.browserstack.utils.Helpers - null
13:42:36.960 [ApplicationImpl pooled thread 73] INFO  c.b.l.BrowserStackRunExtension - Agent path: null
13:43:28.573 [ApplicationImpl pooled thread 67] INFO  c.b.l.BrowserStackRunExtension - testng
13:43:28.573 [ApplicationImpl pooled thread 67] INFO  com.browserstack.utils.Helpers - null
13:43:28.574 [ApplicationImpl pooled thread 67] INFO  c.b.l.BrowserStackRunExtension - Agent path: null
13:45:02.908 [ApplicationImpl pooled thread 69] INFO  c.b.l.BrowserStackRunExtension - testng
13:45:02.908 [ApplicationImpl pooled thread 69] INFO  com.browserstack.utils.Helpers - null
13:45:02.910 [ApplicationImpl pooled thread 69] INFO  c.b.l.BrowserStackRunExtension - Agent path: null
13:45:46.584 [ApplicationImpl pooled thread 76] INFO  c.b.l.BrowserStackRunExtension - testng
13:45:46.584 [ApplicationImpl pooled thread 76] INFO  com.browserstack.utils.Helpers - null
13:45:46.585 [ApplicationImpl pooled thread 76] INFO  c.b.l.BrowserStackRunExtension - Agent path: null
17:02:05.571 [ApplicationImpl pooled thread 199] INFO  c.b.l.BrowserStackRunExtension - testng
17:02:05.571 [ApplicationImpl pooled thread 199] INFO  com.browserstack.utils.Helpers - null
17:02:05.571 [ApplicationImpl pooled thread 199] INFO  c.b.l.BrowserStackRunExtension - Agent path: null
17:15:15.201 [ApplicationImpl pooled thread 214] INFO  c.b.l.BrowserStackRunExtension - testng
17:15:15.201 [ApplicationImpl pooled thread 214] INFO  com.browserstack.utils.Helpers - null
17:15:15.202 [ApplicationImpl pooled thread 214] INFO  c.b.l.BrowserStackRunExtension - Agent path: null
17:15:57.426 [ApplicationImpl pooled thread 220] INFO  c.b.l.BrowserStackRunExtension - testng
17:15:57.426 [ApplicationImpl pooled thread 220] INFO  com.browserstack.utils.Helpers - null
17:15:57.427 [ApplicationImpl pooled thread 220] INFO  c.b.l.BrowserStackRunExtension - Agent path: null
17:19:40.638 [ApplicationImpl pooled thread 217] INFO  c.b.l.BrowserStackRunExtension - testng
17:19:40.638 [ApplicationImpl pooled thread 217] INFO  com.browserstack.utils.Helpers - null
17:19:40.640 [ApplicationImpl pooled thread 217] INFO  c.b.l.BrowserStackRunExtension - Agent path: null
17:23:30.945 [ApplicationImpl pooled thread 224] INFO  c.b.l.BrowserStackRunExtension - testng
17:23:30.945 [ApplicationImpl pooled thread 224] INFO  com.browserstack.utils.Helpers - null
17:23:30.946 [ApplicationImpl pooled thread 224] INFO  c.b.l.BrowserStackRunExtension - Agent path: null
17:27:06.287 [ApplicationImpl pooled thread 231] INFO  c.b.l.BrowserStackRunExtension - testng
17:27:06.287 [ApplicationImpl pooled thread 231] INFO  com.browserstack.utils.Helpers - null
17:27:06.288 [ApplicationImpl pooled thread 231] INFO  c.b.l.BrowserStackRunExtension - Agent path: null
17:27:17.897 [ApplicationImpl pooled thread 229] INFO  c.b.l.BrowserStackRunExtension - testng
17:27:17.897 [ApplicationImpl pooled thread 229] INFO  com.browserstack.utils.Helpers - null
17:27:17.899 [ApplicationImpl pooled thread 229] INFO  c.b.l.BrowserStackRunExtension - Agent path: null
17:31:18.159 [ApplicationImpl pooled thread 220] INFO  c.b.l.BrowserStackRunExtension - testng
17:31:18.159 [ApplicationImpl pooled thread 220] INFO  com.browserstack.utils.Helpers - null
17:31:18.161 [ApplicationImpl pooled thread 220] INFO  c.b.l.BrowserStackRunExtension - Agent path: null
17:43:23.235 [ApplicationImpl pooled thread 239] INFO  c.b.l.BrowserStackRunExtension - testng
17:43:23.235 [ApplicationImpl pooled thread 239] INFO  com.browserstack.utils.Helpers - null
17:43:23.238 [ApplicationImpl pooled thread 239] INFO  c.b.l.BrowserStackRunExtension - Agent path: null
20:03:02.996 [ApplicationImpl pooled thread 332] INFO  c.b.l.BrowserStackRunExtension - testng
20:03:02.996 [ApplicationImpl pooled thread 332] INFO  com.browserstack.utils.Helpers - null
20:03:02.997 [ApplicationImpl pooled thread 332] INFO  c.b.l.BrowserStackRunExtension - Agent path: null
20:05:36.946 [ApplicationImpl pooled thread 332] INFO  c.b.l.BrowserStackRunExtension - testng
20:05:36.947 [ApplicationImpl pooled thread 332] INFO  com.browserstack.utils.Helpers - null
20:05:36.949 [ApplicationImpl pooled thread 332] INFO  c.b.l.BrowserStackRunExtension - Agent path: null
21:25:55.782 [ApplicationImpl pooled thread 396] INFO  c.b.l.BrowserStackRunExtension - testng
21:25:55.782 [ApplicationImpl pooled thread 396] INFO  com.browserstack.utils.Helpers - null
21:25:55.782 [ApplicationImpl pooled thread 396] INFO  c.b.l.BrowserStackRunExtension - Agent path: null
21:27:18.816 [ApplicationImpl pooled thread 400] INFO  c.b.l.BrowserStackRunExtension - testng
21:27:18.817 [ApplicationImpl pooled thread 400] INFO  com.browserstack.utils.Helpers - null
21:27:18.819 [ApplicationImpl pooled thread 400] INFO  c.b.l.BrowserStackRunExtension - Agent path: null
21:54:15.476 [ApplicationImpl pooled thread 417] INFO  c.b.l.BrowserStackRunExtension - testng
21:54:15.476 [ApplicationImpl pooled thread 417] INFO  com.browserstack.utils.Helpers - null
21:54:15.477 [ApplicationImpl pooled thread 417] INFO  c.b.l.BrowserStackRunExtension - Agent path: null
21:54:53.389 [ApplicationImpl pooled thread 417] INFO  c.b.l.BrowserStackRunExtension - testng
21:54:53.389 [ApplicationImpl pooled thread 417] INFO  com.browserstack.utils.Helpers - null
21:54:53.390 [ApplicationImpl pooled thread 417] INFO  c.b.l.BrowserStackRunExtension - Agent path: null
21:55:44.571 [AWT-EventQueue-0] INFO  c.b.actions.EnableBrowserStack - Setting enable browserstack run update
21:55:44.574 [AWT-EventQueue-0] INFO  c.b.actions.DisableBrowserStack - Setting disable browserstack run update
21:57:00.413 [ApplicationImpl pooled thread 420] INFO  c.b.l.BrowserStackRunExtension - testng
21:57:00.413 [ApplicationImpl pooled thread 420] INFO  com.browserstack.utils.Helpers - null
21:57:00.414 [ApplicationImpl pooled thread 420] INFO  c.b.l.BrowserStackRunExtension - Agent path: null
22:29:56.462 [ApplicationImpl pooled thread 451] INFO  c.b.l.BrowserStackRunExtension - testng
22:29:56.462 [ApplicationImpl pooled thread 451] INFO  com.browserstack.utils.Helpers - null
22:29:56.463 [ApplicationImpl pooled thread 451] INFO  c.b.l.BrowserStackRunExtension - Agent path: null
22:31:41.160 [ApplicationImpl pooled thread 449] INFO  c.b.l.BrowserStackRunExtension - testng
22:31:41.160 [ApplicationImpl pooled thread 449] INFO  com.browserstack.utils.Helpers - null
22:31:41.162 [ApplicationImpl pooled thread 449] INFO  c.b.l.BrowserStackRunExtension - Agent path: null
00:40:12.259 [ApplicationImpl pooled thread 573] INFO  c.b.l.BrowserStackRunExtension - testng
00:40:12.259 [ApplicationImpl pooled thread 573] INFO  com.browserstack.utils.Helpers - null
00:40:12.259 [ApplicationImpl pooled thread 573] INFO  c.b.l.BrowserStackRunExtension - Agent path: null
00:43:51.140 [ApplicationImpl pooled thread 579] INFO  c.b.l.BrowserStackRunExtension - testng
00:43:51.140 [ApplicationImpl pooled thread 579] INFO  com.browserstack.utils.Helpers - null
00:43:51.141 [ApplicationImpl pooled thread 579] INFO  c.b.l.BrowserStackRunExtension - Agent path: null
00:50:57.618 [ApplicationImpl pooled thread 595] INFO  c.b.l.BrowserStackRunExtension - testng
00:50:57.618 [ApplicationImpl pooled thread 595] INFO  com.browserstack.utils.Helpers - null
00:50:57.619 [ApplicationImpl pooled thread 595] INFO  c.b.l.BrowserStackRunExtension - Agent path: null
00:54:04.514 [ApplicationImpl pooled thread 591] INFO  c.b.l.BrowserStackRunExtension - testng
00:54:04.514 [ApplicationImpl pooled thread 591] INFO  com.browserstack.utils.Helpers - null
00:54:04.516 [ApplicationImpl pooled thread 591] INFO  c.b.l.BrowserStackRunExtension - Agent path: null
00:54:44.947 [ApplicationImpl pooled thread 591] INFO  c.b.l.BrowserStackRunExtension - testng
00:54:44.947 [ApplicationImpl pooled thread 591] INFO  com.browserstack.utils.Helpers - null
00:54:44.948 [ApplicationImpl pooled thread 591] INFO  c.b.l.BrowserStackRunExtension - Agent path: null
13:32:50.047 [ApplicationImpl pooled thread 19] INFO  c.b.l.BrowserStackRunExtension - testng
13:32:50.047 [ApplicationImpl pooled thread 19] INFO  com.browserstack.utils.Helpers - null
13:32:50.047 [ApplicationImpl pooled thread 19] INFO  c.b.l.BrowserStackRunExtension - Agent path: null
13:34:23.660 [ApplicationImpl pooled thread 10] INFO  c.b.l.BrowserStackRunExtension - testng
13:34:23.660 [ApplicationImpl pooled thread 10] INFO  com.browserstack.utils.Helpers - null
13:34:23.660 [ApplicationImpl pooled thread 10] INFO  c.b.l.BrowserStackRunExtension - Agent path: null
13:36:06.213 [ApplicationImpl pooled thread 11] INFO  c.b.l.BrowserStackRunExtension - testng
13:36:06.213 [ApplicationImpl pooled thread 11] INFO  com.browserstack.utils.Helpers - null
13:36:06.213 [ApplicationImpl pooled thread 11] INFO  c.b.l.BrowserStackRunExtension - Agent path: null
13:38:28.247 [ApplicationImpl pooled thread 19] INFO  c.b.l.BrowserStackRunExtension - testng
13:38:28.247 [ApplicationImpl pooled thread 19] INFO  com.browserstack.utils.Helpers - null
13:38:28.247 [ApplicationImpl pooled thread 19] INFO  c.b.l.BrowserStackRunExtension - Agent path: null
13:43:14.413 [ApplicationImpl pooled thread 18] INFO  c.b.l.BrowserStackRunExtension - testng
13:43:14.413 [ApplicationImpl pooled thread 18] INFO  com.browserstack.utils.Helpers - null
13:43:14.413 [ApplicationImpl pooled thread 18] INFO  c.b.l.BrowserStackRunExtension - Agent path: null
13:44:14.026 [ApplicationImpl pooled thread 18] INFO  c.b.l.BrowserStackRunExtension - testng
13:44:14.026 [ApplicationImpl pooled thread 18] INFO  com.browserstack.utils.Helpers - null
13:44:14.042 [ApplicationImpl pooled thread 18] INFO  c.b.l.BrowserStackRunExtension - Agent path: null
13:44:42.726 [ApplicationImpl pooled thread 18] INFO  c.b.l.BrowserStackRunExtension - testng
13:44:42.726 [ApplicationImpl pooled thread 18] INFO  com.browserstack.utils.Helpers - null
13:44:42.732 [ApplicationImpl pooled thread 18] INFO  c.b.l.BrowserStackRunExtension - Agent path: null
13:44:55.086 [ApplicationImpl pooled thread 18] INFO  c.b.l.BrowserStackRunExtension - testng
13:44:55.086 [ApplicationImpl pooled thread 18] INFO  com.browserstack.utils.Helpers - null
13:44:55.087 [ApplicationImpl pooled thread 18] INFO  c.b.l.BrowserStackRunExtension - Agent path: null
13:46:44.819 [ApplicationImpl pooled thread 28] INFO  c.b.l.BrowserStackRunExtension - testng
13:46:44.819 [ApplicationImpl pooled thread 28] INFO  com.browserstack.utils.Helpers - null
13:46:44.819 [ApplicationImpl pooled thread 28] INFO  c.b.l.BrowserStackRunExtension - Agent path: null
13:47:22.919 [ApplicationImpl pooled thread 28] INFO  c.b.l.BrowserStackRunExtension - testng
13:47:22.919 [ApplicationImpl pooled thread 28] INFO  com.browserstack.utils.Helpers - null
13:47:22.934 [ApplicationImpl pooled thread 28] INFO  c.b.l.BrowserStackRunExtension - Agent path: null
13:48:19.492 [ApplicationImpl pooled thread 28] INFO  c.b.l.BrowserStackRunExtension - testng
13:48:19.492 [ApplicationImpl pooled thread 28] INFO  com.browserstack.utils.Helpers - null
13:48:19.508 [ApplicationImpl pooled thread 28] INFO  c.b.l.BrowserStackRunExtension - Agent path: null
13:49:20.842 [ApplicationImpl pooled thread 11] INFO  c.b.l.BrowserStackRunExtension - testng
13:49:20.842 [ApplicationImpl pooled thread 11] INFO  com.browserstack.utils.Helpers - null
13:49:20.852 [ApplicationImpl pooled thread 11] INFO  c.b.l.BrowserStackRunExtension - Agent path: null
13:50:33.524 [ApplicationImpl pooled thread 32] INFO  c.b.l.BrowserStackRunExtension - testng
13:50:33.524 [ApplicationImpl pooled thread 32] INFO  com.browserstack.utils.Helpers - null
13:50:33.524 [ApplicationImpl pooled thread 32] INFO  c.b.l.BrowserStackRunExtension - Agent path: null
14:17:16.528 [ApplicationImpl pooled thread 72] INFO  c.b.l.BrowserStackRunExtension - testng
14:17:16.528 [ApplicationImpl pooled thread 72] INFO  com.browserstack.utils.Helpers - null
14:17:16.528 [ApplicationImpl pooled thread 72] INFO  c.b.l.BrowserStackRunExtension - Agent path: null
14:20:31.637 [ApplicationImpl pooled thread 72] INFO  c.b.l.BrowserStackRunExtension - testng
14:20:31.638 [ApplicationImpl pooled thread 72] INFO  com.browserstack.utils.Helpers - null
14:20:31.638 [ApplicationImpl pooled thread 72] INFO  c.b.l.BrowserStackRunExtension - Agent path: null
14:25:30.729 [ApplicationImpl pooled thread 80] INFO  c.b.l.BrowserStackRunExtension - testng
14:25:30.729 [ApplicationImpl pooled thread 80] INFO  com.browserstack.utils.Helpers - null
14:25:30.743 [ApplicationImpl pooled thread 80] INFO  c.b.l.BrowserStackRunExtension - Agent path: null
14:54:00.445 [ApplicationImpl pooled thread 78] INFO  c.b.l.BrowserStackRunExtension - testng
14:54:00.445 [ApplicationImpl pooled thread 78] INFO  com.browserstack.utils.Helpers - null
14:54:00.445 [ApplicationImpl pooled thread 78] INFO  c.b.l.BrowserStackRunExtension - Agent path: null
14:54:36.276 [ApplicationImpl pooled thread 94] INFO  c.b.l.BrowserStackRunExtension - testng
14:54:36.276 [ApplicationImpl pooled thread 94] INFO  com.browserstack.utils.Helpers - null
14:54:36.292 [ApplicationImpl pooled thread 94] INFO  c.b.l.BrowserStackRunExtension - Agent path: null
14:56:41.959 [ApplicationImpl pooled thread 78] INFO  c.b.l.BrowserStackRunExtension - testng
14:56:41.959 [ApplicationImpl pooled thread 78] INFO  com.browserstack.utils.Helpers - null
14:56:41.969 [ApplicationImpl pooled thread 78] INFO  c.b.l.BrowserStackRunExtension - Agent path: null
14:59:05.502 [ApplicationImpl pooled thread 105] INFO  c.b.l.BrowserStackRunExtension - testng
14:59:05.502 [ApplicationImpl pooled thread 105] INFO  com.browserstack.utils.Helpers - null
14:59:05.512 [ApplicationImpl pooled thread 105] INFO  c.b.l.BrowserStackRunExtension - Agent path: null
17:52:45.992 [ApplicationImpl pooled thread 229] INFO  c.b.l.BrowserStackRunExtension - testng
17:52:46.002 [ApplicationImpl pooled thread 229] INFO  com.browserstack.utils.Helpers - null
17:52:46.002 [ApplicationImpl pooled thread 229] INFO  c.b.l.BrowserStackRunExtension - Agent path: null
17:55:38.978 [ApplicationImpl pooled thread 235] INFO  c.b.l.BrowserStackRunExtension - testng
17:55:38.978 [ApplicationImpl pooled thread 235] INFO  com.browserstack.utils.Helpers - null
17:55:38.984 [ApplicationImpl pooled thread 235] INFO  c.b.l.BrowserStackRunExtension - Agent path: null
17:57:39.097 [ApplicationImpl pooled thread 229] INFO  c.b.l.BrowserStackRunExtension - testng
17:57:39.097 [ApplicationImpl pooled thread 229] INFO  com.browserstack.utils.Helpers - null
17:57:39.098 [ApplicationImpl pooled thread 229] INFO  c.b.l.BrowserStackRunExtension - Agent path: null
17:58:09.050 [ApplicationImpl pooled thread 231] INFO  c.b.l.BrowserStackRunExtension - testng
17:58:09.050 [ApplicationImpl pooled thread 231] INFO  com.browserstack.utils.Helpers - null
17:58:09.050 [ApplicationImpl pooled thread 231] INFO  c.b.l.BrowserStackRunExtension - Agent path: null
17:58:52.227 [ApplicationImpl pooled thread 231] INFO  c.b.l.BrowserStackRunExtension - testng
17:58:52.227 [ApplicationImpl pooled thread 231] INFO  com.browserstack.utils.Helpers - null
17:58:52.228 [ApplicationImpl pooled thread 231] INFO  c.b.l.BrowserStackRunExtension - Agent path: null
18:07:15.234 [ApplicationImpl pooled thread 246] INFO  c.b.l.BrowserStackRunExtension - testng
18:07:15.234 [ApplicationImpl pooled thread 246] INFO  com.browserstack.utils.Helpers - null
18:07:15.244 [ApplicationImpl pooled thread 246] INFO  c.b.l.BrowserStackRunExtension - Agent path: null
18:07:48.387 [ApplicationImpl pooled thread 251] INFO  c.b.l.BrowserStackRunExtension - testng
18:07:48.387 [ApplicationImpl pooled thread 251] INFO  com.browserstack.utils.Helpers - null
18:07:48.387 [ApplicationImpl pooled thread 251] INFO  c.b.l.BrowserStackRunExtension - Agent path: null
18:11:22.479 [ApplicationImpl pooled thread 251] INFO  c.b.l.BrowserStackRunExtension - testng
18:11:22.479 [ApplicationImpl pooled thread 251] INFO  com.browserstack.utils.Helpers - null
18:11:22.479 [ApplicationImpl pooled thread 251] INFO  c.b.l.BrowserStackRunExtension - Agent path: null
18:16:15.721 [ApplicationImpl pooled thread 256] INFO  c.b.l.BrowserStackRunExtension - testng
18:16:15.721 [ApplicationImpl pooled thread 256] INFO  com.browserstack.utils.Helpers - null
18:16:15.727 [ApplicationImpl pooled thread 256] INFO  c.b.l.BrowserStackRunExtension - Agent path: null
18:18:11.109 [ApplicationImpl pooled thread 254] INFO  c.b.l.BrowserStackRunExtension - testng
18:18:11.109 [ApplicationImpl pooled thread 254] INFO  com.browserstack.utils.Helpers - null
18:18:11.109 [ApplicationImpl pooled thread 254] INFO  c.b.l.BrowserStackRunExtension - Agent path: null
18:21:41.959 [ApplicationImpl pooled thread 255] INFO  c.b.l.BrowserStackRunExtension - testng
18:21:41.959 [ApplicationImpl pooled thread 255] INFO  com.browserstack.utils.Helpers - null
18:21:41.975 [ApplicationImpl pooled thread 255] INFO  c.b.l.BrowserStackRunExtension - Agent path: null
18:33:42.538 [ApplicationImpl pooled thread 266] INFO  c.b.l.BrowserStackRunExtension - testng
18:33:42.539 [ApplicationImpl pooled thread 266] INFO  com.browserstack.utils.Helpers - null
18:33:42.543 [ApplicationImpl pooled thread 266] INFO  c.b.l.BrowserStackRunExtension - Agent path: null
18:35:16.688 [ApplicationImpl pooled thread 267] INFO  c.b.l.BrowserStackRunExtension - testng
18:35:16.688 [ApplicationImpl pooled thread 267] INFO  com.browserstack.utils.Helpers - null
18:35:16.689 [ApplicationImpl pooled thread 267] INFO  c.b.l.BrowserStackRunExtension - Agent path: null
18:35:30.095 [ApplicationImpl pooled thread 269] INFO  c.b.l.BrowserStackRunExtension - testng
18:35:30.095 [ApplicationImpl pooled thread 269] INFO  com.browserstack.utils.Helpers - null
18:35:30.096 [ApplicationImpl pooled thread 269] INFO  c.b.l.BrowserStackRunExtension - Agent path: null
18:38:08.403 [ApplicationImpl pooled thread 255] INFO  c.b.l.BrowserStackRunExtension - testng
18:38:08.404 [ApplicationImpl pooled thread 255] INFO  com.browserstack.utils.Helpers - null
18:38:08.404 [ApplicationImpl pooled thread 255] INFO  c.b.l.BrowserStackRunExtension - Agent path: null
18:40:46.534 [ApplicationImpl pooled thread 266] INFO  c.b.l.BrowserStackRunExtension - testng
18:40:46.534 [ApplicationImpl pooled thread 266] INFO  com.browserstack.utils.Helpers - null
18:40:46.535 [ApplicationImpl pooled thread 266] INFO  c.b.l.BrowserStackRunExtension - Agent path: null
18:41:02.434 [ApplicationImpl pooled thread 273] INFO  c.b.l.BrowserStackRunExtension - testng
18:41:02.435 [ApplicationImpl pooled thread 273] INFO  com.browserstack.utils.Helpers - null
18:41:02.438 [ApplicationImpl pooled thread 273] INFO  c.b.l.BrowserStackRunExtension - Agent path: null
18:44:53.622 [ApplicationImpl pooled thread 266] INFO  c.b.l.BrowserStackRunExtension - testng
18:44:53.622 [ApplicationImpl pooled thread 266] INFO  com.browserstack.utils.Helpers - null
18:44:53.624 [ApplicationImpl pooled thread 266] INFO  c.b.l.BrowserStackRunExtension - Agent path: null
00:41:14.322 [ApplicationImpl pooled thread 88] INFO  c.b.l.BrowserStackRunExtension - testng
00:41:14.323 [ApplicationImpl pooled thread 88] INFO  com.browserstack.utils.Helpers - null
00:41:14.324 [ApplicationImpl pooled thread 88] INFO  c.b.l.BrowserStackRunExtension - Agent path: null
13:34:10.475 [ApplicationImpl pooled thread 42] INFO  c.b.l.BrowserStackRunExtension - testng
13:34:10.475 [ApplicationImpl pooled thread 42] INFO  com.browserstack.utils.Helpers - null
13:34:10.479 [ApplicationImpl pooled thread 42] INFO  c.b.l.BrowserStackRunExtension - Agent path: null
13:35:42.483 [ApplicationImpl pooled thread 48] INFO  c.b.l.BrowserStackRunExtension - testng
13:35:42.483 [ApplicationImpl pooled thread 48] INFO  com.browserstack.utils.Helpers - null
13:35:42.483 [ApplicationImpl pooled thread 48] INFO  c.b.l.BrowserStackRunExtension - Agent path: null
13:53:43.795 [ApplicationImpl pooled thread 58] INFO  c.b.l.BrowserStackRunExtension - testng
13:53:43.795 [ApplicationImpl pooled thread 58] INFO  com.browserstack.utils.Helpers - null
13:53:43.810 [ApplicationImpl pooled thread 58] INFO  c.b.l.BrowserStackRunExtension - Agent path: null
13:54:25.361 [ApplicationImpl pooled thread 62] INFO  c.b.l.BrowserStackRunExtension - testng
13:54:25.366 [ApplicationImpl pooled thread 62] INFO  com.browserstack.utils.Helpers - null
13:54:25.375 [ApplicationImpl pooled thread 62] INFO  c.b.l.BrowserStackRunExtension - Agent path: null
13:54:45.352 [ApplicationImpl pooled thread 58] INFO  c.b.l.BrowserStackRunExtension - testng
13:54:45.352 [ApplicationImpl pooled thread 58] INFO  com.browserstack.utils.Helpers - null
13:54:45.364 [ApplicationImpl pooled thread 58] INFO  c.b.l.BrowserStackRunExtension - Agent path: null
13:55:23.913 [ApplicationImpl pooled thread 60] INFO  c.b.l.BrowserStackRunExtension - testng
13:55:23.913 [ApplicationImpl pooled thread 60] INFO  com.browserstack.utils.Helpers - null
13:55:23.921 [ApplicationImpl pooled thread 60] INFO  c.b.l.BrowserStackRunExtension - Agent path: null
14:01:48.774 [ApplicationImpl pooled thread 69] INFO  c.b.l.BrowserStackRunExtension - testng
14:01:48.774 [ApplicationImpl pooled thread 69] INFO  com.browserstack.utils.Helpers - null
14:01:48.790 [ApplicationImpl pooled thread 69] INFO  c.b.l.BrowserStackRunExtension - Agent path: null
14:03:59.846 [ApplicationImpl pooled thread 74] INFO  c.b.l.BrowserStackRunExtension - testng
14:03:59.846 [ApplicationImpl pooled thread 74] INFO  com.browserstack.utils.Helpers - null
14:03:59.852 [ApplicationImpl pooled thread 74] INFO  c.b.l.BrowserStackRunExtension - Agent path: null
14:06:30.005 [ApplicationImpl pooled thread 78] INFO  c.b.l.BrowserStackRunExtension - testng
14:06:30.005 [ApplicationImpl pooled thread 78] INFO  com.browserstack.utils.Helpers - null
14:06:30.018 [ApplicationImpl pooled thread 78] INFO  c.b.l.BrowserStackRunExtension - Agent path: null
14:21:14.012 [ApplicationImpl pooled thread 83] INFO  c.b.l.BrowserStackRunExtension - testng
14:21:14.012 [ApplicationImpl pooled thread 83] INFO  com.browserstack.utils.Helpers - null
14:21:14.017 [ApplicationImpl pooled thread 83] INFO  c.b.l.BrowserStackRunExtension - Agent path: null
14:22:46.816 [ApplicationImpl pooled thread 90] INFO  c.b.l.BrowserStackRunExtension - testng
14:22:46.816 [ApplicationImpl pooled thread 90] INFO  com.browserstack.utils.Helpers - null
14:22:46.832 [ApplicationImpl pooled thread 90] INFO  c.b.l.BrowserStackRunExtension - Agent path: null
14:27:01.150 [ApplicationImpl pooled thread 95] INFO  c.b.l.BrowserStackRunExtension - testng
14:27:01.150 [ApplicationImpl pooled thread 95] INFO  com.browserstack.utils.Helpers - null
14:27:01.162 [ApplicationImpl pooled thread 95] INFO  c.b.l.BrowserStackRunExtension - Agent path: null
14:29:09.683 [ApplicationImpl pooled thread 99] INFO  c.b.l.BrowserStackRunExtension - testng
14:29:09.683 [ApplicationImpl pooled thread 99] INFO  com.browserstack.utils.Helpers - null
14:29:09.699 [ApplicationImpl pooled thread 99] INFO  c.b.l.BrowserStackRunExtension - Agent path: null
17:30:38.691 [ApplicationImpl pooled thread 218] INFO  c.b.l.BrowserStackRunExtension - testng
17:30:38.699 [ApplicationImpl pooled thread 218] INFO  com.browserstack.utils.Helpers - null
17:30:38.715 [ApplicationImpl pooled thread 218] INFO  c.b.l.BrowserStackRunExtension - Agent path: null
17:33:49.427 [ApplicationImpl pooled thread 228] INFO  c.b.l.BrowserStackRunExtension - testng
17:33:49.427 [ApplicationImpl pooled thread 228] INFO  com.browserstack.utils.Helpers - null
17:33:49.427 [ApplicationImpl pooled thread 228] INFO  c.b.l.BrowserStackRunExtension - Agent path: null
17:39:41.004 [ApplicationImpl pooled thread 227] INFO  c.b.l.BrowserStackRunExtension - testng
17:39:41.004 [ApplicationImpl pooled thread 227] INFO  com.browserstack.utils.Helpers - null
17:39:41.014 [ApplicationImpl pooled thread 227] INFO  c.b.l.BrowserStackRunExtension - Agent path: null
17:43:04.701 [ApplicationImpl pooled thread 227] INFO  c.b.l.BrowserStackRunExtension - testng
17:43:04.701 [ApplicationImpl pooled thread 227] INFO  com.browserstack.utils.Helpers - null
17:43:04.717 [ApplicationImpl pooled thread 227] INFO  c.b.l.BrowserStackRunExtension - Agent path: null
17:44:00.751 [ApplicationImpl pooled thread 227] INFO  c.b.l.BrowserStackRunExtension - testng
17:44:00.751 [ApplicationImpl pooled thread 227] INFO  com.browserstack.utils.Helpers - null
17:44:00.767 [ApplicationImpl pooled thread 227] INFO  c.b.l.BrowserStackRunExtension - Agent path: null
17:47:51.267 [ApplicationImpl pooled thread 239] INFO  c.b.l.BrowserStackRunExtension - testng
17:47:51.267 [ApplicationImpl pooled thread 239] INFO  com.browserstack.utils.Helpers - null
17:47:51.274 [ApplicationImpl pooled thread 239] INFO  c.b.l.BrowserStackRunExtension - Agent path: null
17:50:34.621 [ApplicationImpl pooled thread 238] INFO  c.b.l.BrowserStackRunExtension - testng
17:50:34.621 [ApplicationImpl pooled thread 238] INFO  com.browserstack.utils.Helpers - null
17:50:34.627 [ApplicationImpl pooled thread 238] INFO  c.b.l.BrowserStackRunExtension - Agent path: null
17:57:40.732 [ApplicationImpl pooled thread 253] INFO  c.b.l.BrowserStackRunExtension - testng
17:57:40.732 [ApplicationImpl pooled thread 253] INFO  com.browserstack.utils.Helpers - null
17:57:40.732 [ApplicationImpl pooled thread 253] INFO  c.b.l.BrowserStackRunExtension - Agent path: null
18:08:18.218 [ApplicationImpl pooled thread 273] INFO  c.b.l.BrowserStackRunExtension - testng
18:08:18.218 [ApplicationImpl pooled thread 273] INFO  com.browserstack.utils.Helpers - null
18:08:18.218 [ApplicationImpl pooled thread 273] INFO  c.b.l.BrowserStackRunExtension - Agent path: null
18:11:19.004 [ApplicationImpl pooled thread 281] INFO  c.b.l.BrowserStackRunExtension - testng
18:11:19.005 [ApplicationImpl pooled thread 281] INFO  com.browserstack.utils.Helpers - null
18:11:19.010 [ApplicationImpl pooled thread 281] INFO  c.b.l.BrowserStackRunExtension - Agent path: null
18:39:56.492 [ApplicationImpl pooled thread 309] INFO  c.b.l.BrowserStackRunExtension - testng
18:39:56.492 [ApplicationImpl pooled thread 309] INFO  com.browserstack.utils.Helpers - null
18:39:56.493 [ApplicationImpl pooled thread 309] INFO  c.b.l.BrowserStackRunExtension - Agent path: null
00:33:40.025 [ApplicationImpl pooled thread 75] INFO  c.b.l.BrowserStackRunExtension - testng
00:33:40.055 [ApplicationImpl pooled thread 75] INFO  com.browserstack.utils.Helpers - null
00:33:40.055 [ApplicationImpl pooled thread 75] INFO  c.b.l.BrowserStackRunExtension - Agent path: null
00:34:32.627 [ApplicationImpl pooled thread 70] INFO  c.b.l.BrowserStackRunExtension - testng
00:34:32.627 [ApplicationImpl pooled thread 70] INFO  com.browserstack.utils.Helpers - null
00:34:32.633 [ApplicationImpl pooled thread 70] INFO  c.b.l.BrowserStackRunExtension - Agent path: null
00:36:36.471 [ApplicationImpl pooled thread 75] INFO  c.b.l.BrowserStackRunExtension - testng
00:36:36.471 [ApplicationImpl pooled thread 75] INFO  com.browserstack.utils.Helpers - null
00:36:36.471 [ApplicationImpl pooled thread 75] INFO  c.b.l.BrowserStackRunExtension - Agent path: null
00:37:17.745 [ApplicationImpl pooled thread 78] INFO  c.b.l.BrowserStackRunExtension - testng
00:37:17.745 [ApplicationImpl pooled thread 78] INFO  com.browserstack.utils.Helpers - null
00:37:17.750 [ApplicationImpl pooled thread 78] INFO  c.b.l.BrowserStackRunExtension - Agent path: null
00:40:38.615 [ApplicationImpl pooled thread 77] INFO  c.b.l.BrowserStackRunExtension - testng
00:40:38.615 [ApplicationImpl pooled thread 77] INFO  com.browserstack.utils.Helpers - null
00:40:38.615 [ApplicationImpl pooled thread 77] INFO  c.b.l.BrowserStackRunExtension - Agent path: null
